==525== Helgrind, a thread error detector
==525== Copyright (C) 2007-2017, and GNU GPL'd, by OpenWorks LLP et al.
==525== Using Valgrind-3.22.0-bd4db67b1d-20231031 and LibVEX; rerun with -h for copyright info
==525== Command: ./philo
==525== Parent PID: 517
==525== 
--525-- 
--525-- Valgrind options:
--525--    --tool=helgrind
--525--    --log-file=helgrind.log
--525--    --verbose
--525--    --history-level=full
--525-- Contents of /proc/version:
--525--   Linux version 6.12.54-linuxkit (root@buildkitsandbox) (gcc (Alpine 13.2.1_git20240309) 13.2.1 20240309, GNU ld (GNU Binutils) 2.42) #1 SMP Tue Nov  4 21:21:47 UTC 2025
--525-- 
--525-- Arch and hwcaps: ARM64, LittleEndian, v8-fhm-dpbcvadp-sha3-rdm-atomics-fp16-vfp16
--525-- Page sizes: currently 4096, max supported 65536
--525-- Valgrind library directory: /usr/libexec/valgrind
--525-- Reading syms from /workspace/philo
--525-- Reading syms from /usr/lib/aarch64-linux-gnu/ld-linux-aarch64.so.1
--525-- Reading syms from /usr/libexec/valgrind/helgrind-arm64-linux
--525--    object doesn't have a dynamic symbol table
--525-- Scheduler: using generic scheduler lock implementation.
--525-- Reading suppressions file: /usr/libexec/valgrind/default.supp
==525== embedded gdbserver: reading from /tmp/vgdb-pipe-from-vgdb-to-525-by-???-on-794579093a2a
==525== embedded gdbserver: writing to   /tmp/vgdb-pipe-to-vgdb-from-525-by-???-on-794579093a2a
==525== embedded gdbserver: shared mem   /tmp/vgdb-pipe-shared-mem-vgdb-525-by-???-on-794579093a2a
==525== 
==525== TO CONTROL THIS PROCESS USING vgdb (which you probably
==525== don't want to do, unless you know exactly what you're doing,
==525== or are doing some strange experiment):
==525==   /usr/bin/vgdb --pid=525 ...command...
==525== 
==525== TO DEBUG THIS PROCESS USING GDB: start GDB like this
==525==   /path/to/gdb ./philo
==525== and then give GDB the following command
==525==   target remote | /usr/bin/vgdb --pid=525
==525== --pid is optional if only one valgrind process is running
==525== 
--525-- Reading syms from /usr/libexec/valgrind/vgpreload_core-arm64-linux.so
--525-- Reading syms from /usr/libexec/valgrind/vgpreload_helgrind-arm64-linux.so
--525-- Reading syms from /usr/lib/aarch64-linux-gnu/libc.so.6
--525--   Considering /usr/lib/debug/.build-id/d5/ef86dde36cbd3289566cf5098226035d76f2e1.debug ..
--525--   .. build-id is valid
==525== WARNING: new redirection conflicts with existing -- ignoring it
--525--     old: 0x0495da50 (sem_post@@GLIBC_2.34) W-> (0000.0) 0x04894eb0 sem_post@*
--525--     new: 0x0495da50 (sem_post@@GLIBC_2.34) W-> (0000.0) 0x04894e90 sem_post
==525== WARNING: new redirection conflicts with existing -- ignoring it
--525--     old: 0x0495e340 (sem_wait@@GLIBC_2.34) W-> (0000.0) 0x04894e70 sem_wait@*
--525--     new: 0x0495e340 (sem_wait@@GLIBC_2.34) W-> (0000.0) 0x04894e50 sem_wait
--525-- REDIR: 0x496a8e0 (libc.so.6:memchr) redirected to 0x4850710 (_vgnU_ifunc_wrapper)
--525-- REDIR: 0x496e120 (libc.so.6:strlen) redirected to 0x4850710 (_vgnU_ifunc_wrapper)
--525-- REDIR: 0x496e6c0 (libc.so.6:rindex) redirected to 0x4895460 (rindex)
--525-- REDIR: 0x4958280 (libc.so.6:pthread_mutex_init@@GLIBC_2.17) redirected to 0x4894460 (pthread_mutex_init)
--525-- REDIR: 0x49665c0 (libc.so.6:malloc) redirected to 0x4887360 (malloc)
--525-- REDIR: 0x4955ae0 (libc.so.6:pthread_create@@GLIBC_2.34) redirected to 0x48941d0 (pthread_create@*)
--525-- REDIR: 0x49679e0 (libc.so.6:calloc) redirected to 0x488e190 (calloc)
--525--   Considering /usr/lib/debug/.build-id/f3/d28c5cab7887a8195f6b130d76b8faf126b168.debug ..
--525--   .. build-id is valid
--525-- REDIR: 0x4958b70 (libc.so.6:pthread_mutex_lock@@GLIBC_2.17) redirected to 0x4894630 (pthread_mutex_lock)
--525-- REDIR: 0x495a6f4 (libc.so.6:pthread_mutex_unlock@@GLIBC_2.17) redirected to 0x48946b0 (pthread_mutex_unlock)
--525-- REDIR: 0x496c2c0 (libc.so.6:strchrnul) redirected to 0x4899a70 (strchrnul)
--525-- REDIR: 0x4971a80 (libc.so.6:__GI_memcpy) redirected to 0x4897600 (__GI_memcpy)
--525-- REDIR: 0x4973140 (libc.so.6:__GI_strlen) redirected to 0x4895a90 (__GI_strlen)
==525== ---Thread-Announcement------------------------------------------
==525== 
==525== Thread #1 is the program's root thread
==525== 
==525== ---Thread-Announcement------------------------------------------
==525== 
==525== Thread #2 was created
==525==    at 0x49BB8B7: clone (clone.S:62)
==525==    by 0x49554C7: create_thread (pthread_create.c:297)
==525==    by 0x4955F97: pthread_create@@GLIBC_2.34 (pthread_create.c:836)
==525==    by 0x48929BB: ??? (in /usr/libexec/valgrind/vgpreload_helgrind-arm64-linux.so)
==525==    by 0x1093F3: main (in /workspace/philo)
==525== 
==525== ----------------------------------------------------------------
==525== 
==525==  Lock at 0x1FFF0001F8 was first observed
==525==    at 0x4894560: pthread_mutex_init (in /usr/libexec/valgrind/vgpreload_helgrind-arm64-linux.so)
==525==    by 0x109223: main (in /workspace/philo)
==525==  Address 0x1fff0001f8 is on thread #1's stack
==525==  in frame #0, created by main (???:)
==525== 
==525==  Lock at 0x1FFF000228 was first observed
==525==    at 0x4894560: pthread_mutex_init (in /usr/libexec/valgrind/vgpreload_helgrind-arm64-linux.so)
==525==    by 0x1091F7: main (in /workspace/philo)
==525==  Address 0x1fff000228 is on thread #1's stack
==525==  in frame #0, created by main (???:)
==525== 
==525==  Lock at 0x1FFF000258 was first observed
==525==    at 0x4894560: pthread_mutex_init (in /usr/libexec/valgrind/vgpreload_helgrind-arm64-linux.so)
==525==    by 0x1091F7: main (in /workspace/philo)
==525==  Address 0x1fff000258 is on thread #1's stack
==525==  in frame #0, created by main (???:)
==525== 
==525== Possible data race during write of size 8 at 0x1FFF0001B8 by thread #1
==525== Locks held: none
==525==    at 0x1093B4: main (in /workspace/philo)
==525== 
==525== This conflicts with a previous read of size 8 by thread #2
==525== Locks held: 3, at addresses 0x1FFF0001F8 0x1FFF000228 0x1FFF000258
==525==    at 0x108C94: print_action (in /workspace/philo)
==525==    by 0x108D43: eating (in /workspace/philo)
==525==    by 0x1090CB: routine (in /workspace/philo)
==525==    by 0x4892B93: ??? (in /usr/libexec/valgrind/vgpreload_helgrind-arm64-linux.so)
==525==    by 0x495595B: start_thread (pthread_create.c:447)
==525==    by 0x49BB8DB: thread_start (clone.S:79)
==525==  Address 0x1fff0001b8 is on thread #1's stack
==525==  in frame #0, created by main (???:)
==525== 
--525-- REDIR: 0x4957190 (libc.so.6:pthread_join@@GLIBC_2.34) redirected to 0x48941f0 (pthread_join)
==525== 
==525== Process terminating with default action of signal 2 (SIGINT)
==525==    at 0x498BED0: clock_nanosleep@@GLIBC_2.17 (clock_nanosleep.c:78)
==525==    by 0x49961FB: nanosleep (nanosleep.c:25)
==525==    by 0x49BB5A7: usleep (usleep.c:31)
==525==    by 0x108FAF: ft_usleep (in /workspace/philo)
==525==    by 0x108D6B: eating (in /workspace/philo)
==525==    by 0x1090CB: routine (in /workspace/philo)
==525==    by 0x4892B93: ??? (in /usr/libexec/valgrind/vgpreload_helgrind-arm64-linux.so)
==525==    by 0x495595B: start_thread (pthread_create.c:447)
==525==    by 0x49BB8DB: thread_start (clone.S:79)
==525== ---Thread-Announcement------------------------------------------
==525== 
==525== Thread #4 was created
==525==    at 0x49BB8B7: clone (clone.S:62)
==525==    by 0x49554C7: create_thread (pthread_create.c:297)
==525==    by 0x4955F97: pthread_create@@GLIBC_2.34 (pthread_create.c:836)
==525==    by 0x48929BB: ??? (in /usr/libexec/valgrind/vgpreload_helgrind-arm64-linux.so)
==525==    by 0x1093F3: main (in /workspace/philo)
==525== 
==525== ----------------------------------------------------------------
==525== 
==525== Thread #4: Exiting thread still holds 2 locks
==525==    at 0x498BED4: clock_nanosleep@@GLIBC_2.17 (clock_nanosleep.c:78)
==525==    by 0x49961FB: nanosleep (nanosleep.c:25)
==525==    by 0x49BB5A7: usleep (usleep.c:31)
==525==    by 0x108FAF: ft_usleep (in /workspace/philo)
==525==    by 0x108D6B: eating (in /workspace/philo)
==525==    by 0x1090CB: routine (in /workspace/philo)
==525==    by 0x4892B93: ??? (in /usr/libexec/valgrind/vgpreload_helgrind-arm64-linux.so)
==525==    by 0x495595B: start_thread (pthread_create.c:447)
==525==    by 0x49BB8DB: thread_start (clone.S:79)
==525== 
==525== ---Thread-Announcement------------------------------------------
==525== 
==525== Thread #6 was created
==525==    at 0x49BB8B7: clone (clone.S:62)
==525==    by 0x49554C7: create_thread (pthread_create.c:297)
==525==    by 0x4955F97: pthread_create@@GLIBC_2.34 (pthread_create.c:836)
==525==    by 0x48929BB: ??? (in /usr/libexec/valgrind/vgpreload_helgrind-arm64-linux.so)
==525==    by 0x1093F3: main (in /workspace/philo)
==525== 
==525== ----------------------------------------------------------------
==525== 
==525== Thread #6: Exiting thread still holds 1 lock
==525==    at 0x4952170: futex_wait (futex-internal.h:146)
==525==    by 0x4952170: __lll_lock_wait (lowlevellock.c:49)
==525==    by 0x4958C73: lll_mutex_lock_optimized (pthread_mutex_lock.c:48)
==525==    by 0x4958C73: pthread_mutex_lock@@GLIBC_2.17 (pthread_mutex_lock.c:93)
==525==    by 0x488F8EB: ??? (in /usr/libexec/valgrind/vgpreload_helgrind-arm64-linux.so)
==525==    by 0x10906B: routine (in /workspace/philo)
==525==    by 0x4892B93: ??? (in /usr/libexec/valgrind/vgpreload_helgrind-arm64-linux.so)
==525==    by 0x495595B: start_thread (pthread_create.c:447)
==525==    by 0x49BB8DB: thread_start (clone.S:79)
==525== 
==525== ----------------------------------------------------------------
==525== 
==525== Thread #2: Exiting thread still holds 2 locks
==525==    at 0x498BED0: clock_nanosleep@@GLIBC_2.17 (clock_nanosleep.c:78)
==525==    by 0x49961FB: nanosleep (nanosleep.c:25)
==525==    by 0x49BB5A7: usleep (usleep.c:31)
==525==    by 0x108FAF: ft_usleep (in /workspace/philo)
==525==    by 0x108D6B: eating (in /workspace/philo)
==525==    by 0x1090CB: routine (in /workspace/philo)
==525==    by 0x4892B93: ??? (in /usr/libexec/valgrind/vgpreload_helgrind-arm64-linux.so)
==525==    by 0x495595B: start_thread (pthread_create.c:447)
==525==    by 0x49BB8DB: thread_start (clone.S:79)
==525== 
==525== 
==525== ERROR SUMMARY: 7 errors from 4 contexts (suppressed: 19 from 14)
==525== 
==525== 1 errors in context 1 of 4:
==525== ----------------------------------------------------------------
==525== 
==525== Thread #2: Exiting thread still holds 2 locks
==525==    at 0x498BED0: clock_nanosleep@@GLIBC_2.17 (clock_nanosleep.c:78)
==525==    by 0x49961FB: nanosleep (nanosleep.c:25)
==525==    by 0x49BB5A7: usleep (usleep.c:31)
==525==    by 0x108FAF: ft_usleep (in /workspace/philo)
==525==    by 0x108D6B: eating (in /workspace/philo)
==525==    by 0x1090CB: routine (in /workspace/philo)
==525==    by 0x4892B93: ??? (in /usr/libexec/valgrind/vgpreload_helgrind-arm64-linux.so)
==525==    by 0x495595B: start_thread (pthread_create.c:447)
==525==    by 0x49BB8DB: thread_start (clone.S:79)
==525== 
==525== 
==525== 1 errors in context 2 of 4:
==525== ----------------------------------------------------------------
==525== 
==525== Thread #6: Exiting thread still holds 1 lock
==525==    at 0x4952170: futex_wait (futex-internal.h:146)
==525==    by 0x4952170: __lll_lock_wait (lowlevellock.c:49)
==525==    by 0x4958C73: lll_mutex_lock_optimized (pthread_mutex_lock.c:48)
==525==    by 0x4958C73: pthread_mutex_lock@@GLIBC_2.17 (pthread_mutex_lock.c:93)
==525==    by 0x488F8EB: ??? (in /usr/libexec/valgrind/vgpreload_helgrind-arm64-linux.so)
==525==    by 0x10906B: routine (in /workspace/philo)
==525==    by 0x4892B93: ??? (in /usr/libexec/valgrind/vgpreload_helgrind-arm64-linux.so)
==525==    by 0x495595B: start_thread (pthread_create.c:447)
==525==    by 0x49BB8DB: thread_start (clone.S:79)
==525== 
==525== 
==525== 1 errors in context 3 of 4:
==525== ----------------------------------------------------------------
==525== 
==525== Thread #4: Exiting thread still holds 2 locks
==525==    at 0x498BED4: clock_nanosleep@@GLIBC_2.17 (clock_nanosleep.c:78)
==525==    by 0x49961FB: nanosleep (nanosleep.c:25)
==525==    by 0x49BB5A7: usleep (usleep.c:31)
==525==    by 0x108FAF: ft_usleep (in /workspace/philo)
==525==    by 0x108D6B: eating (in /workspace/philo)
==525==    by 0x1090CB: routine (in /workspace/philo)
==525==    by 0x4892B93: ??? (in /usr/libexec/valgrind/vgpreload_helgrind-arm64-linux.so)
==525==    by 0x495595B: start_thread (pthread_create.c:447)
==525==    by 0x49BB8DB: thread_start (clone.S:79)
==525== 
==525== 
==525== 4 errors in context 4 of 4:
==525== ----------------------------------------------------------------
==525== 
==525==  Lock at 0x1FFF0001F8 was first observed
==525==    at 0x4894560: pthread_mutex_init (in /usr/libexec/valgrind/vgpreload_helgrind-arm64-linux.so)
==525==    by 0x109223: main (in /workspace/philo)
==525==  Address 0x1fff0001f8 is in a rw- anonymous segment
==525== 
==525==  Lock at 0x1FFF000228 was first observed
==525==    at 0x4894560: pthread_mutex_init (in /usr/libexec/valgrind/vgpreload_helgrind-arm64-linux.so)
==525==    by 0x1091F7: main (in /workspace/philo)
==525==  Address 0x1fff000228 is in a rw- anonymous segment
==525== 
==525==  Lock at 0x1FFF000258 was first observed
==525==    at 0x4894560: pthread_mutex_init (in /usr/libexec/valgrind/vgpreload_helgrind-arm64-linux.so)
==525==    by 0x1091F7: main (in /workspace/philo)
==525==  Address 0x1fff000258 is in a rw- anonymous segment
==525== 
==525== Possible data race during write of size 8 at 0x1FFF0001B8 by thread #1
==525== Locks held: none
==525==    at 0x1093B4: main (in /workspace/philo)
==525== 
==525== This conflicts with a previous read of size 8 by thread #2
==525== Locks held: 3, at addresses 0x1FFF0001F8 0x1FFF000228 0x1FFF000258
==525==    at 0x108C94: print_action (in /workspace/philo)
==525==    by 0x108D43: eating (in /workspace/philo)
==525==    by 0x1090CB: routine (in /workspace/philo)
==525==    by 0x4892B93: ??? (in /usr/libexec/valgrind/vgpreload_helgrind-arm64-linux.so)
==525==    by 0x495595B: start_thread (pthread_create.c:447)
==525==    by 0x49BB8DB: thread_start (clone.S:79)
==525==  Address 0x1fff0001b8 is on thread #1's stack
==525==  in frame #0, created by main (???:)
==525== 
--525-- 
--525-- used_suppression:     19 helgrind-glibc2X-005 /usr/libexec/valgrind/default.supp:994
==525== 
==525== ERROR SUMMARY: 7 errors from 4 contexts (suppressed: 19 from 14)
